This file contains any messages produced by compilers while
running configure, to aid debugging if configure makes a mistake.

It was created by notebook configure 0.1, which was
generated by GNU Autoconf 2.68.  Invocation command line was

  $ ./configure 

## --------- ##
## Platform. ##
## --------- ##

hostname = AdventChildren
uname -m = x86_64
uname -r = 3.2.0-41-generic
uname -s = Linux
uname -v = #66-Ubuntu SMP Thu Apr 25 03:27:11 UTC 2013

/usr/bin/uname -p = unknown
/bin/uname -X     = unknown

/bin/arch              = unknown
/usr/bin/arch -k       = unknown
/usr/convex/getsysinfo = unknown
/usr/bin/hostinfo      = unknown
/bin/machine           = unknown
/usr/bin/oslevel       = unknown
/bin/universe          = unknown

PATH: /usr/lib/lightdm/lightdm
PATH: /usr/local/sbin
PATH: /usr/local/bin
PATH: /usr/sbin
PATH: /usr/bin
PATH: /sbin
PATH: /bin
PATH: /usr/games


## ----------- ##
## Core tests. ##
## ----------- ##

configure:2325: checking for a BSD-compatible install
configure:2393: result: /usr/bin/install -c
configure:2404: checking whether build environment is sane
configure:2454: result: yes
configure:2595: checking for a thread-safe mkdir -p
configure:2634: result: /bin/mkdir -p
configure:2647: checking for gawk
configure:2677: result: no
configure:2647: checking for mawk
configure:2663: found /usr/bin/mawk
configure:2674: result: mawk
configure:2685: checking whether make sets $(MAKE)
configure:2707: result: yes
configure:2799: checking whether make supports nested variables
configure:2816: result: yes
configure:2876: checking for gcc
configure:2892: found /usr/bin/gcc
configure:2903: result: gcc
configure:3132: checking for C compiler version
configure:3141: gcc --version >&5
gcc (Ubuntu/Linaro 4.6.3-1ubuntu5) 4.6.3
Copyright (C) 2011 Free Software Foundation, Inc.
This is free software; see the source for copying conditions.  There is NO
warranty; not even for MERCHANTABILITY or FITNESS FOR A PARTICULAR PURPOSE.

configure:3152: $? = 0
configure:3141: gcc -v >&5
Using built-in specs.
COLLECT_GCC=gcc
COLLECT_LTO_WRAPPER=/usr/lib/gcc/x86_64-linux-gnu/4.6/lto-wrapper
Target: x86_64-linux-gnu
Configured with: ../src/configure -v --with-pkgversion='Ubuntu/Linaro 4.6.3-1ubuntu5' --with-bugurl=file:///usr/share/doc/gcc-4.6/README.Bugs --enable-languages=c,c++,fortran,objc,obj-c++ --prefix=/usr --program-suffix=-4.6 --enable-shared --enable-linker-build-id --with-system-zlib --libexecdir=/usr/lib --without-included-gettext --enable-threads=posix --with-gxx-include-dir=/usr/include/c++/4.6 --libdir=/usr/lib --enable-nls --with-sysroot=/ --enable-clocale=gnu --enable-libstdcxx-debug --enable-libstdcxx-time=yes --enable-gnu-unique-object --enable-plugin --enable-objc-gc --disable-werror --with-arch-32=i686 --with-tune=generic --enable-checking=release --build=x86_64-linux-gnu --host=x86_64-linux-gnu --target=x86_64-linux-gnu
Thread model: posix
gcc version 4.6.3 (Ubuntu/Linaro 4.6.3-1ubuntu5) 
configure:3152: $? = 0
configure:3141: gcc -V >&5
gcc: error: unrecognized option '-V'
gcc: fatal error: no input files
compilation terminated.
configure:3152: $? = 4
configure:3141: gcc -qversion >&5
gcc: error: unrecognized option '-qversion'
gcc: fatal error: no input files
compilation terminated.
configure:3152: $? = 4
configure:3172: checking whether the C compiler works
configure:3194: gcc    conftest.c  >&5
configure:3198: $? = 0
configure:3246: result: yes
configure:3249: checking for C compiler default output file name
configure:3251: result: a.out
configure:3257: checking for suffix of executables
configure:3264: gcc -o conftest    conftest.c  >&5
configure:3268: $? = 0
configure:3290: result: 
configure:3312: checking whether we are cross compiling
configure:3320: gcc -o conftest    conftest.c  >&5
configure:3324: $? = 0
configure:3331: ./conftest
configure:3335: $? = 0
configure:3350: result: no
configure:3355: checking for suffix of object files
configure:3377: gcc -c   conftest.c >&5
configure:3381: $? = 0
configure:3402: result: o
configure:3406: checking whether we are using the GNU C compiler
configure:3425: gcc -c   conftest.c >&5
configure:3425: $? = 0
configure:3434: result: yes
configure:3443: checking whether gcc accepts -g
configure:3463: gcc -c -g  conftest.c >&5
configure:3463: $? = 0
configure:3504: result: yes
configure:3521: checking for gcc option to accept ISO C89
configure:3585: gcc  -c -g -O2  conftest.c >&5
configure:3585: $? = 0
configure:3598: result: none needed
configure:3629: checking for style of include used by make
configure:3657: result: GNU
configure:3683: checking dependency style of gcc
configure:3794: result: gcc3
configure:3814: checking whether NLS is requested
configure:3823: result: yes
configure:3842: checking for intltool >= 0.35.0
configure:3844: result: 0.50.2 found
configure:3852: checking for intltool-update
configure:3870: found /usr/bin/intltool-update
configure:3882: result: /usr/bin/intltool-update
configure:3892: checking for intltool-merge
configure:3910: found /usr/bin/intltool-merge
configure:3922: result: /usr/bin/intltool-merge
configure:3932: checking for intltool-extract
configure:3950: found /usr/bin/intltool-extract
configure:3962: result: /usr/bin/intltool-extract
configure:4116: checking for xgettext
configure:4134: found /usr/bin/xgettext
configure:4146: result: /usr/bin/xgettext
configure:4156: checking for msgmerge
configure:4174: found /usr/bin/msgmerge
configure:4186: result: /usr/bin/msgmerge
configure:4196: checking for msgfmt
configure:4214: found /usr/bin/msgfmt
configure:4226: result: /usr/bin/msgfmt
configure:4236: checking for gmsgfmt
configure:4267: result: /usr/bin/msgfmt
configure:4287: checking for perl
configure:4305: found /usr/bin/perl
configure:4317: result: /usr/bin/perl
configure:4328: checking for perl >= 5.8.1
configure:4335: result: 5.14.2
configure:4339: checking for XML::Parser
configure:4342: result: ok
configure:4367: gcc -o conftest -g -O2   conftest.c  >&5
configure:4367: $? = 0
configure:4407: checking how to run the C preprocessor
configure:4438: gcc -E  conftest.c
configure:4438: $? = 0
configure:4452: gcc -E  conftest.c
conftest.c:12:28: fatal error: ac_nonexistent.h: No such file or directory
compilation terminated.
configure:4452: $? = 1
configure: failed program was:
| /* confdefs.h */
| #define PACKAGE_NAME "notebook"
| #define PACKAGE_TARNAME "notebook"
| #define PACKAGE_VERSION "0.1"
| #define PACKAGE_STRING "notebook 0.1"
| #define PACKAGE_BUGREPORT ""
| #define PACKAGE_URL ""
| #define PACKAGE "notebook"
| #define VERSION "0.1"
| #define GETTEXT_PACKAGE "notebook"
| /* end confdefs.h.  */
| #include <ac_nonexistent.h>
configure:4477: result: gcc -E
configure:4497: gcc -E  conftest.c
configure:4497: $? = 0
configure:4511: gcc -E  conftest.c
conftest.c:12:28: fatal error: ac_nonexistent.h: No such file or directory
compilation terminated.
configure:4511: $? = 1
configure: failed program was:
| /* confdefs.h */
| #define PACKAGE_NAME "notebook"
| #define PACKAGE_TARNAME "notebook"
| #define PACKAGE_VERSION "0.1"
| #define PACKAGE_STRING "notebook 0.1"
| #define PACKAGE_BUGREPORT ""
| #define PACKAGE_URL ""
| #define PACKAGE "notebook"
| #define VERSION "0.1"
| #define GETTEXT_PACKAGE "notebook"
| /* end confdefs.h.  */
| #include <ac_nonexistent.h>
configure:4540: checking for grep that handles long lines and -e
configure:4598: result: /bin/grep
configure:4603: checking for egrep
configure:4665: result: /bin/grep -E
configure:4670: checking for ANSI C header files
configure:4690: gcc -c -g -O2  conftest.c >&5
configure:4690: $? = 0
configure:4763: gcc -o conftest -g -O2   conftest.c  >&5
configure:4763: $? = 0
configure:4763: ./conftest
configure:4763: $? = 0
configure:4774: result: yes
configure:4787: checking for sys/types.h
configure:4787: gcc -c -g -O2  conftest.c >&5
configure:4787: $? = 0
configure:4787: result: yes
configure:4787: checking for sys/stat.h
configure:4787: gcc -c -g -O2  conftest.c >&5
configure:4787: $? = 0
configure:4787: result: yes
configure:4787: checking for stdlib.h
configure:4787: gcc -c -g -O2  conftest.c >&5
configure:4787: $? = 0
configure:4787: result: yes
configure:4787: checking for string.h
configure:4787: gcc -c -g -O2  conftest.c >&5
configure:4787: $? = 0
configure:4787: result: yes
configure:4787: checking for memory.h
configure:4787: gcc -c -g -O2  conftest.c >&5
configure:4787: $? = 0
configure:4787: result: yes
configure:4787: checking for strings.h
configure:4787: gcc -c -g -O2  conftest.c >&5
configure:4787: $? = 0
configure:4787: result: yes
configure:4787: checking for inttypes.h
configure:4787: gcc -c -g -O2  conftest.c >&5
configure:4787: $? = 0
configure:4787: result: yes
configure:4787: checking for stdint.h
configure:4787: gcc -c -g -O2  conftest.c >&5
configure:4787: $? = 0
configure:4787: result: yes
configure:4787: checking for unistd.h
configure:4787: gcc -c -g -O2  conftest.c >&5
configure:4787: $? = 0
configure:4787: result: yes
configure:4802: checking locale.h usability
configure:4802: gcc -c -g -O2  conftest.c >&5
configure:4802: $? = 0
configure:4802: result: yes
configure:4802: checking locale.h presence
configure:4802: gcc -E  conftest.c
configure:4802: $? = 0
configure:4802: result: yes
configure:4802: checking for locale.h
configure:4802: result: yes
configure:4813: checking for LC_MESSAGES
configure:4829: gcc -o conftest -g -O2   conftest.c  >&5
configure:4829: $? = 0
configure:4837: result: yes
configure:4854: checking libintl.h usability
configure:4854: gcc -c -g -O2  conftest.c >&5
configure:4854: $? = 0
configure:4854: result: yes
configure:4854: checking libintl.h presence
configure:4854: gcc -E  conftest.c
configure:4854: $? = 0
configure:4854: result: yes
configure:4854: checking for libintl.h
configure:4854: result: yes
configure:4862: checking for ngettext in libc
configure:4880: gcc -o conftest -g -O2   conftest.c  >&5
configure:4880: $? = 0
configure:4889: result: yes
configure:4893: checking for dgettext in libc
configure:4911: gcc -o conftest -g -O2   conftest.c  >&5
configure:4911: $? = 0
configure:4920: result: yes
configure:4927: checking for bind_textdomain_codeset
configure:4927: gcc -o conftest -g -O2   conftest.c  >&5
configure:4927: $? = 0
configure:4927: result: yes
configure:5203: checking for msgfmt
configure:5230: result: /usr/bin/msgfmt
configure:5241: checking for dcgettext
configure:5241: gcc -o conftest -g -O2   conftest.c   >&5
conftest.c:49:6: warning: conflicting types for built-in function 'dcgettext' [enabled by default]
configure:5241: $? = 0
configure:5241: result: yes
configure:5251: checking if msgfmt accepts -c
configure:5266: $MSGFMT -c -o /dev/null conftest.foo
configure:5269: $? = 0
configure:5271: result: yes
configure:5281: checking for gmsgfmt
configure:5312: result: /usr/bin/msgfmt
configure:5322: checking for xgettext
configure:5349: result: /usr/bin/xgettext
configure:5368: gcc -o conftest -g -O2   conftest.c   >&5
configure:5368: $? = 0
configure:5539: checking build system type
configure:5553: result: x86_64-unknown-linux-gnu
configure:5573: checking host system type
configure:5586: result: x86_64-unknown-linux-gnu
configure:5627: checking how to print strings
configure:5654: result: printf
configure:5675: checking for a sed that does not truncate output
configure:5739: result: /bin/sed
configure:5757: checking for fgrep
configure:5819: result: /bin/grep -F
configure:5854: checking for ld used by gcc
configure:5921: result: /usr/bin/ld
configure:5928: checking if the linker (/usr/bin/ld) is GNU ld
configure:5943: result: yes
configure:5955: checking for BSD- or MS-compatible name lister (nm)
configure:6004: result: /usr/bin/nm -B
configure:6134: checking the name lister (/usr/bin/nm -B) interface
configure:6141: gcc -c -g -O2  conftest.c >&5
configure:6144: /usr/bin/nm -B "conftest.o"
configure:6147: output
0000000000000000 B some_variable
configure:6154: result: BSD nm
configure:6157: checking whether ln -s works
configure:6161: result: yes
configure:6169: checking the maximum length of command line arguments
configure:6299: result: 1572864
configure:6316: checking whether the shell understands some XSI constructs
configure:6326: result: yes
configure:6330: checking whether the shell understands "+="
configure:6336: result: yes
configure:6371: checking how to convert x86_64-unknown-linux-gnu file names to x86_64-unknown-linux-gnu format
configure:6411: result: func_convert_file_noop
configure:6418: checking how to convert x86_64-unknown-linux-gnu file names to toolchain format
configure:6438: result: func_convert_file_noop
configure:6445: checking for /usr/bin/ld option to reload object files
configure:6452: result: -r
configure:6526: checking for objdump
configure:6542: found /usr/bin/objdump
configure:6553: result: objdump
configure:6585: checking how to recognize dependent libraries
configure:6787: result: pass_all
configure:6872: checking for dlltool
configure:6902: result: no
configure:6932: checking how to associate runtime and link libraries
configure:6959: result: printf %s\n
configure:7019: checking for ar
configure:7035: found /usr/bin/ar
configure:7046: result: ar
configure:7083: checking for archiver @FILE support
configure:7100: gcc -c -g -O2  conftest.c >&5
configure:7100: $? = 0
configure:7103: ar cru libconftest.a @conftest.lst >&5
configure:7106: $? = 0
configure:7111: ar cru libconftest.a @conftest.lst >&5
ar: conftest.o: No such file or directory
configure:7114: $? = 1
configure:7126: result: @
configure:7184: checking for strip
configure:7200: found /usr/bin/strip
configure:7211: result: strip
configure:7283: checking for ranlib
configure:7299: found /usr/bin/ranlib
configure:7310: result: ranlib
configure:7412: checking command to parse /usr/bin/nm -B output from gcc object
configure:7532: gcc -c -g -O2  conftest.c >&5
configure:7535: $? = 0
configure:7539: /usr/bin/nm -B conftest.o \| sed -n -e 's/^.*[ ]\([ABCDGIRSTW][ABCDGIRSTW]*\)[ ][ ]*\([_A-Za-z][_A-Za-z0-9]*\)$/\1 \2 \2/p' | sed '/ __gnu_lto/d' \> conftest.nm
configure:7542: $? = 0
configure:7608: gcc -o conftest -g -O2   conftest.c conftstm.o >&5
configure:7611: $? = 0
configure:7649: result: ok
configure:7686: checking for sysroot
configure:7716: result: no
configure:7793: gcc -c -g -O2  conftest.c >&5
configure:7796: $? = 0
configure:7972: checking for mt
configure:7988: found /bin/mt
configure:7999: result: mt
configure:8022: checking if mt is a manifest tool
configure:8028: mt '-?'
configure:8036: result: no
configure:8675: checking for dlfcn.h
configure:8675: gcc -c -g -O2  conftest.c >&5
configure:8675: $? = 0
configure:8675: result: yes
configure:8881: checking for objdir
configure:8896: result: .libs
configure:9163: checking if gcc supports -fno-rtti -fno-exceptions
configure:9181: gcc -c -g -O2  -fno-rtti -fno-exceptions conftest.c >&5
cc1: warning: command line option '-fno-rtti' is valid for C++/ObjC++ but not for C [enabled by default]
configure:9185: $? = 0
configure:9198: result: no
configure:9525: checking for gcc option to produce PIC
configure:9532: result: -fPIC -DPIC
configure:9540: checking if gcc PIC flag -fPIC -DPIC works
configure:9558: gcc -c -g -O2  -fPIC -DPIC -DPIC conftest.c >&5
configure:9562: $? = 0
configure:9575: result: yes
configure:9604: checking if gcc static flag -static works
configure:9632: result: yes
configure:9647: checking if gcc supports -c -o file.o
configure:9668: gcc -c -g -O2  -o out/conftest2.o conftest.c >&5
configure:9672: $? = 0
configure:9694: result: yes
configure:9702: checking if gcc supports -c -o file.o
configure:9749: result: yes
configure:9782: checking whether the gcc linker (/usr/bin/ld -m elf_x86_64) supports shared libraries
configure:10939: result: yes
configure:10976: checking whether -lc should be explicitly linked in
configure:10984: gcc -c -g -O2  conftest.c >&5
configure:10987: $? = 0
configure:11002: gcc -shared  -fPIC -DPIC conftest.o  -v -Wl,-soname -Wl,conftest -o conftest 2\>\&1 \| /bin/grep  -lc  \>/dev/null 2\>\&1
configure:11005: $? = 0
configure:11019: result: no
configure:11179: checking dynamic linker characteristics
configure:11690: gcc -o conftest -g -O2   -Wl,-rpath -Wl,/foo conftest.c  >&5
configure:11690: $? = 0
configure:11924: result: GNU/Linux ld.so
configure:12031: checking how to hardcode library paths into programs
configure:12056: result: immediate
configure:12596: checking whether stripping libraries is possible
configure:12601: result: yes
configure:12636: checking if libtool supports shared libraries
configure:12638: result: yes
configure:12641: checking whether to build shared libraries
configure:12662: result: yes
configure:12665: checking whether to build static libraries
configure:12669: result: yes
configure:12763: checking for pkg-config
configure:12781: found /usr/bin/pkg-config
configure:12793: result: /usr/bin/pkg-config
configure:12818: checking pkg-config is at least version 0.9.0
configure:12821: result: yes
configure:12831: checking for NOTEBOOK
configure:12838: $PKG_CONFIG --exists --print-errors "gtk+-3.0 "
configure:12841: $? = 0
configure:12855: $PKG_CONFIG --exists --print-errors "gtk+-3.0 "
configure:12858: $? = 0
configure:12916: result: yes
configure:12928: checking for gtkdoc-check
configure:12946: found /usr/bin/gtkdoc-check
configure:12958: result: /usr/bin/gtkdoc-check
configure:12970: checking for gtkdoc-rebase
configure:12988: found /usr/bin/gtkdoc-rebase
configure:13000: result: /usr/bin/gtkdoc-rebase
configure:13014: checking for gtkdoc-mkpdf
configure:13032: found /usr/bin/gtkdoc-mkpdf
configure:13044: result: /usr/bin/gtkdoc-mkpdf
configure:13178: checking whether to build gtk-doc documentation
configure:13180: result: no
configure:13402: creating ./config.status

## ---------------------- ##
## Running config.status. ##
## ---------------------- ##

This file was extended by notebook config.status 0.1, which was
generated by GNU Autoconf 2.68.  Invocation command line was

  CONFIG_FILES    = 
  CONFIG_HEADERS  = 
  CONFIG_LINKS    = 
  CONFIG_COMMANDS = 
  $ ./config.status 

on AdventChildren

config.status:1194: creating Makefile
config.status:1194: creating src/Makefile
config.status:1194: creating po/Makefile.in
config.status:1194: creating config.h
config.status:1423: executing depfiles commands
config.status:1423: executing default-1 commands
config.status:1423: executing libtool commands
config.status:1423: executing po/stamp-it commands

## ---------------- ##
## Cache variables. ##
## ---------------- ##

ac_cv_build=x86_64-unknown-linux-gnu
ac_cv_c_compiler_gnu=yes
ac_cv_env_CC_set=
ac_cv_env_CC_value=
ac_cv_env_CFLAGS_set=
ac_cv_env_CFLAGS_value=
ac_cv_env_CPPFLAGS_set=
ac_cv_env_CPPFLAGS_value=
ac_cv_env_CPP_set=
ac_cv_env_CPP_value=
ac_cv_env_GTKDOC_DEPS_CFLAGS_set=
ac_cv_env_GTKDOC_DEPS_CFLAGS_value=
ac_cv_env_GTKDOC_DEPS_LIBS_set=
ac_cv_env_GTKDOC_DEPS_LIBS_value=
ac_cv_env_LDFLAGS_set=
ac_cv_env_LDFLAGS_value=
ac_cv_env_LIBS_set=
ac_cv_env_LIBS_value=
ac_cv_env_NOTEBOOK_CFLAGS_set=
ac_cv_env_NOTEBOOK_CFLAGS_value=
ac_cv_env_NOTEBOOK_LIBS_set=
ac_cv_env_NOTEBOOK_LIBS_value=
ac_cv_env_PKG_CONFIG_LIBDIR_set=
ac_cv_env_PKG_CONFIG_LIBDIR_value=
ac_cv_env_PKG_CONFIG_PATH_set=
ac_cv_env_PKG_CONFIG_PATH_value=
ac_cv_env_PKG_CONFIG_set=
ac_cv_env_PKG_CONFIG_value=
ac_cv_env_build_alias_set=
ac_cv_env_build_alias_value=
ac_cv_env_host_alias_set=
ac_cv_env_host_alias_value=
ac_cv_env_target_alias_set=
ac_cv_env_target_alias_value=
ac_cv_func_bind_textdomain_codeset=yes
ac_cv_func_dcgettext=yes
ac_cv_header_dlfcn_h=yes
ac_cv_header_inttypes_h=yes
ac_cv_header_libintl_h=yes
ac_cv_header_locale_h=yes
ac_cv_header_memory_h=yes
ac_cv_header_stdc=yes
ac_cv_header_stdint_h=yes
ac_cv_header_stdlib_h=yes
ac_cv_header_string_h=yes
ac_cv_header_strings_h=yes
ac_cv_header_sys_stat_h=yes
ac_cv_header_sys_types_h=yes
ac_cv_header_unistd_h=yes
ac_cv_host=x86_64-unknown-linux-gnu
ac_cv_objext=o
ac_cv_path_EGREP='/bin/grep -E'
ac_cv_path_FGREP='/bin/grep -F'
ac_cv_path_GMSGFMT=/usr/bin/msgfmt
ac_cv_path_GREP=/bin/grep
ac_cv_path_GTKDOC_CHECK=/usr/bin/gtkdoc-check
ac_cv_path_GTKDOC_MKPDF=/usr/bin/gtkdoc-mkpdf
ac_cv_path_GTKDOC_REBASE=/usr/bin/gtkdoc-rebase
ac_cv_path_INTLTOOL_EXTRACT=/usr/bin/intltool-extract
ac_cv_path_INTLTOOL_MERGE=/usr/bin/intltool-merge
ac_cv_path_INTLTOOL_PERL=/usr/bin/perl
ac_cv_path_INTLTOOL_UPDATE=/usr/bin/intltool-update
ac_cv_path_MSGFMT=/usr/bin/msgfmt
ac_cv_path_MSGMERGE=/usr/bin/msgmerge
ac_cv_path_SED=/bin/sed
ac_cv_path_XGETTEXT=/usr/bin/xgettext
ac_cv_path_ac_pt_PKG_CONFIG=/usr/bin/pkg-config
ac_cv_path_install='/usr/bin/install -c'
ac_cv_path_mkdir=/bin/mkdir
ac_cv_prog_AWK=mawk
ac_cv_prog_CPP='gcc -E'
ac_cv_prog_ac_ct_AR=ar
ac_cv_prog_ac_ct_CC=gcc
ac_cv_prog_ac_ct_MANIFEST_TOOL=mt
ac_cv_prog_ac_ct_OBJDUMP=objdump
ac_cv_prog_ac_ct_RANLIB=ranlib
ac_cv_prog_ac_ct_STRIP=strip
ac_cv_prog_cc_c89=
ac_cv_prog_cc_g=yes
ac_cv_prog_make_make_set=yes
am_cv_CC_dependencies_compiler_type=gcc3
am_cv_make_support_nested_variables=yes
am_cv_val_LC_MESSAGES=yes
gt_cv_func_dgettext_libc=yes
gt_cv_func_dgettext_libintl=no
gt_cv_func_ngettext_libc=yes
gt_cv_have_gettext=yes
lt_cv_ar_at_file=@
lt_cv_archive_cmds_need_lc=no
lt_cv_deplibs_check_method=pass_all
lt_cv_file_magic_cmd='$MAGIC_CMD'
lt_cv_file_magic_test_file=
lt_cv_ld_reload_flag=-r
lt_cv_nm_interface='BSD nm'
lt_cv_objdir=.libs
lt_cv_path_LD=/usr/bin/ld
lt_cv_path_NM='/usr/bin/nm -B'
lt_cv_path_mainfest_tool=no
lt_cv_prog_compiler_c_o=yes
lt_cv_prog_compiler_pic='-fPIC -DPIC'
lt_cv_prog_compiler_pic_works=yes
lt_cv_prog_compiler_rtti_exceptions=no
lt_cv_prog_compiler_static_works=yes
lt_cv_prog_gnu_ld=yes
lt_cv_sharedlib_from_linklib_cmd='printf %s\n'
lt_cv_shlibpath_overrides_runpath=no
lt_cv_sys_global_symbol_pipe='sed -n -e '\''s/^.*[	 ]\([ABCDGIRSTW][ABCDGIRSTW]*\)[	 ][	 ]*\([_A-Za-z][_A-Za-z0-9]*\)$/\1 \2 \2/p'\'' | sed '\''/ __gnu_lto/d'\'''
lt_cv_sys_global_symbol_to_c_name_address='sed -n -e '\''s/^: \([^ ]*\)[ ]*$/  {\"\1\", (void *) 0},/p'\'' -e '\''s/^[ABCDGIRSTW]* \([^ ]*\) \([^ ]*\)$/  {"\2", (void *) \&\2},/p'\'''
lt_cv_sys_global_symbol_to_c_name_address_lib_prefix='sed -n -e '\''s/^: \([^ ]*\)[ ]*$/  {\"\1\", (void *) 0},/p'\'' -e '\''s/^[ABCDGIRSTW]* \([^ ]*\) \(lib[^ ]*\)$/  {"\2", (void *) \&\2},/p'\'' -e '\''s/^[ABCDGIRSTW]* \([^ ]*\) \([^ ]*\)$/  {"lib\2", (void *) \&\2},/p'\'''
lt_cv_sys_global_symbol_to_cdecl='sed -n -e '\''s/^T .* \(.*\)$/extern int \1();/p'\'' -e '\''s/^[ABCDGIRSTW]* .* \(.*\)$/extern char \1;/p'\'''
lt_cv_sys_max_cmd_len=1572864
lt_cv_to_host_file_cmd=func_convert_file_noop
lt_cv_to_tool_file_cmd=func_convert_file_noop
pkg_cv_NOTEBOOK_CFLAGS='-pthread -I/usr/include/gtk-3.0 -I/usr/include/pango-1.0 -I/usr/include/gio-unix-2.0/ -I/usr/include/atk-1.0 -I/usr/include/cairo -I/usr/include/gdk-pixbuf-2.0 -I/usr/include/freetype2 -I/usr/include/glib-2.0 -I/usr/lib/x86_64-linux-gnu/glib-2.0/include -I/usr/include/pixman-1 -I/usr/include/libpng12  '
pkg_cv_NOTEBOOK_LIBS='-lgtk-3 -lgdk-3 -latk-1.0 -lgio-2.0 -lpangocairo-1.0 -lgdk_pixbuf-2.0 -lcairo-gobject -lpango-1.0 -lcairo -lgobject-2.0 -lglib-2.0  '

## ----------------- ##
## Output variables. ##
## ----------------- ##

ACLOCAL='${SHELL} /home/userx/Dropbox/gnuruy/Widgets/notebook/missing --run aclocal-1.11'
ALL_LINGUAS=''
AMDEPBACKSLASH='\'
AMDEP_FALSE='#'
AMDEP_TRUE=''
AMTAR='$${TAR-tar}'
AM_BACKSLASH='\'
AM_DEFAULT_V='$(AM_DEFAULT_VERBOSITY)'
AM_DEFAULT_VERBOSITY='0'
AM_V='$(V)'
AR='ar'
AUTOCONF='${SHELL} /home/userx/Dropbox/gnuruy/Widgets/notebook/missing --run autoconf'
AUTOHEADER='${SHELL} /home/userx/Dropbox/gnuruy/Widgets/notebook/missing --run autoheader'
AUTOMAKE='${SHELL} /home/userx/Dropbox/gnuruy/Widgets/notebook/missing --run automake-1.11'
AWK='mawk'
CATALOGS=''
CATOBJEXT='.gmo'
CC='gcc'
CCDEPMODE='depmode=gcc3'
CFLAGS='-g -O2'
CPP='gcc -E'
CPPFLAGS=''
CYGPATH_W='echo'
DATADIRNAME='share'
DEFS='-DHAVE_CONFIG_H'
DEPDIR='.deps'
DLLTOOL='false'
DSYMUTIL=''
DUMPBIN=''
ECHO_C=''
ECHO_N='-n'
ECHO_T=''
EGREP='/bin/grep -E'
ENABLE_GTK_DOC_FALSE=''
ENABLE_GTK_DOC_TRUE='#'
EXEEXT=''
FGREP='/bin/grep -F'
GETTEXT_PACKAGE='notebook'
GMOFILES=''
GMSGFMT='/usr/bin/msgfmt'
GREP='/bin/grep'
GTKDOC_CHECK='/usr/bin/gtkdoc-check'
GTKDOC_DEPS_CFLAGS=''
GTKDOC_DEPS_LIBS=''
GTKDOC_MKPDF='/usr/bin/gtkdoc-mkpdf'
GTKDOC_REBASE='/usr/bin/gtkdoc-rebase'
GTK_DOC_BUILD_HTML_FALSE='#'
GTK_DOC_BUILD_HTML_TRUE=''
GTK_DOC_BUILD_PDF_FALSE=''
GTK_DOC_BUILD_PDF_TRUE='#'
GTK_DOC_USE_LIBTOOL_FALSE='#'
GTK_DOC_USE_LIBTOOL_TRUE=''
GTK_DOC_USE_REBASE_FALSE='#'
GTK_DOC_USE_REBASE_TRUE=''
HTML_DIR='${datadir}/gtk-doc/html'
INSTALL_DATA='${INSTALL} -m 644'
INSTALL_PROGRAM='${INSTALL}'
INSTALL_SCRIPT='${INSTALL}'
INSTALL_STRIP_PROGRAM='$(install_sh) -c -s'
INSTOBJEXT='.mo'
INTLLIBS=''
INTLTOOL_CAVES_RULE='%.caves:     %.caves.in     $(INTLTOOL_MERGE) $(wildcard $(top_srcdir)/po/*.po) ; $(INTLTOOL_V_MERGE)LC_ALL=C $(INTLTOOL_MERGE) $(INTLTOOL_V_MERGE_OPTIONS) -d -u -c $(top_builddir)/po/.intltool-merge-cache $(top_srcdir)/po $< $@'
INTLTOOL_DESKTOP_RULE='%.desktop:   %.desktop.in   $(INTLTOOL_MERGE) $(wildcard $(top_srcdir)/po/*.po) ; $(INTLTOOL_V_MERGE)LC_ALL=C $(INTLTOOL_MERGE) $(INTLTOOL_V_MERGE_OPTIONS) -d -u -c $(top_builddir)/po/.intltool-merge-cache $(top_srcdir)/po $< $@'
INTLTOOL_DIRECTORY_RULE='%.directory: %.directory.in $(INTLTOOL_MERGE) $(wildcard $(top_srcdir)/po/*.po) ; $(INTLTOOL_V_MERGE)LC_ALL=C $(INTLTOOL_MERGE) $(INTLTOOL_V_MERGE_OPTIONS) -d -u -c $(top_builddir)/po/.intltool-merge-cache $(top_srcdir)/po $< $@'
INTLTOOL_EXTRACT='/usr/bin/intltool-extract'
INTLTOOL_KBD_RULE='%.kbd:       %.kbd.in       $(INTLTOOL_MERGE) $(wildcard $(top_srcdir)/po/*.po) ; $(INTLTOOL_V_MERGE)LC_ALL=C $(INTLTOOL_MERGE) $(INTLTOOL_V_MERGE_OPTIONS) -x -u -m -c $(top_builddir)/po/.intltool-merge-cache $(top_srcdir)/po $< $@'
INTLTOOL_KEYS_RULE='%.keys:      %.keys.in      $(INTLTOOL_MERGE) $(wildcard $(top_srcdir)/po/*.po) ; $(INTLTOOL_V_MERGE)LC_ALL=C $(INTLTOOL_MERGE) $(INTLTOOL_V_MERGE_OPTIONS) -k -u -c $(top_builddir)/po/.intltool-merge-cache $(top_srcdir)/po $< $@'
INTLTOOL_MERGE='/usr/bin/intltool-merge'
INTLTOOL_OAF_RULE='%.oaf:       %.oaf.in       $(INTLTOOL_MERGE) $(wildcard $(top_srcdir)/po/*.po) ; $(INTLTOOL_V_MERGE)LC_ALL=C $(INTLTOOL_MERGE) $(INTLTOOL_V_MERGE_OPTIONS) -o -p $(top_srcdir)/po $< $@'
INTLTOOL_PERL='/usr/bin/perl'
INTLTOOL_POLICY_RULE='%.policy:    %.policy.in    $(INTLTOOL_MERGE) $(wildcard $(top_srcdir)/po/*.po) ; $(INTLTOOL_V_MERGE)LC_ALL=C $(INTLTOOL_MERGE) $(INTLTOOL_V_MERGE_OPTIONS) -x -u -c $(top_builddir)/po/.intltool-merge-cache $(top_srcdir)/po $< $@'
INTLTOOL_PONG_RULE='%.pong:      %.pong.in      $(INTLTOOL_MERGE) $(wildcard $(top_srcdir)/po/*.po) ; $(INTLTOOL_V_MERGE)LC_ALL=C $(INTLTOOL_MERGE) $(INTLTOOL_V_MERGE_OPTIONS) -x -u -c $(top_builddir)/po/.intltool-merge-cache $(top_srcdir)/po $< $@'
INTLTOOL_PROP_RULE='%.prop:      %.prop.in      $(INTLTOOL_MERGE) $(wildcard $(top_srcdir)/po/*.po) ; $(INTLTOOL_V_MERGE)LC_ALL=C $(INTLTOOL_MERGE) $(INTLTOOL_V_MERGE_OPTIONS) -d -u -c $(top_builddir)/po/.intltool-merge-cache $(top_srcdir)/po $< $@'
INTLTOOL_SCHEMAS_RULE='%.schemas:   %.schemas.in   $(INTLTOOL_MERGE) $(wildcard $(top_srcdir)/po/*.po) ; $(INTLTOOL_V_MERGE)LC_ALL=C $(INTLTOOL_MERGE) $(INTLTOOL_V_MERGE_OPTIONS) -s -u -c $(top_builddir)/po/.intltool-merge-cache $(top_srcdir)/po $< $@'
INTLTOOL_SERVER_RULE='%.server:    %.server.in    $(INTLTOOL_MERGE) $(wildcard $(top_srcdir)/po/*.po) ; $(INTLTOOL_V_MERGE)LC_ALL=C $(INTLTOOL_MERGE) $(INTLTOOL_V_MERGE_OPTIONS) -o -u -c $(top_builddir)/po/.intltool-merge-cache $(top_srcdir)/po $< $@'
INTLTOOL_SERVICE_RULE='%.service: %.service.in   $(INTLTOOL_MERGE) $(wildcard $(top_srcdir)/po/*.po) ; $(INTLTOOL_V_MERGE)LC_ALL=C $(INTLTOOL_MERGE) $(INTLTOOL_V_MERGE_OPTIONS) -d -u -c $(top_builddir)/po/.intltool-merge-cache $(top_srcdir)/po $< $@'
INTLTOOL_SHEET_RULE='%.sheet:     %.sheet.in     $(INTLTOOL_MERGE) $(wildcard $(top_srcdir)/po/*.po) ; $(INTLTOOL_V_MERGE)LC_ALL=C $(INTLTOOL_MERGE) $(INTLTOOL_V_MERGE_OPTIONS) -x -u -c $(top_builddir)/po/.intltool-merge-cache $(top_srcdir)/po $< $@'
INTLTOOL_SOUNDLIST_RULE='%.soundlist: %.soundlist.in $(INTLTOOL_MERGE) $(wildcard $(top_srcdir)/po/*.po) ; $(INTLTOOL_V_MERGE)LC_ALL=C $(INTLTOOL_MERGE) $(INTLTOOL_V_MERGE_OPTIONS) -d -u -c $(top_builddir)/po/.intltool-merge-cache $(top_srcdir)/po $< $@'
INTLTOOL_THEME_RULE='%.theme:     %.theme.in     $(INTLTOOL_MERGE) $(wildcard $(top_srcdir)/po/*.po) ; $(INTLTOOL_V_MERGE)LC_ALL=C $(INTLTOOL_MERGE) $(INTLTOOL_V_MERGE_OPTIONS) -d -u -c $(top_builddir)/po/.intltool-merge-cache $(top_srcdir)/po $< $@'
INTLTOOL_UI_RULE='%.ui:        %.ui.in        $(INTLTOOL_MERGE) $(wildcard $(top_srcdir)/po/*.po) ; $(INTLTOOL_V_MERGE)LC_ALL=C $(INTLTOOL_MERGE) $(INTLTOOL_V_MERGE_OPTIONS) -x -u -c $(top_builddir)/po/.intltool-merge-cache $(top_srcdir)/po $< $@'
INTLTOOL_UPDATE='/usr/bin/intltool-update'
INTLTOOL_V_MERGE='$(INTLTOOL__v_MERGE_$(V))'
INTLTOOL_V_MERGE_OPTIONS='$(intltool__v_merge_options_$(V))'
INTLTOOL_XAM_RULE='%.xam:       %.xml.in       $(INTLTOOL_MERGE) $(wildcard $(top_srcdir)/po/*.po) ; $(INTLTOOL_V_MERGE)LC_ALL=C $(INTLTOOL_MERGE) $(INTLTOOL_V_MERGE_OPTIONS) -x -u -c $(top_builddir)/po/.intltool-merge-cache $(top_srcdir)/po $< $@'
INTLTOOL_XML_NOMERGE_RULE='%.xml:       %.xml.in       $(INTLTOOL_MERGE) ; $(INTLTOOL_V_MERGE)LC_ALL=C $(INTLTOOL_MERGE) $(INTLTOOL_V_MERGE_OPTIONS) -x -u --no-translations $< $@'
INTLTOOL_XML_RULE='%.xml:       %.xml.in       $(INTLTOOL_MERGE) $(wildcard $(top_srcdir)/po/*.po) ; $(INTLTOOL_V_MERGE)LC_ALL=C $(INTLTOOL_MERGE) $(INTLTOOL_V_MERGE_OPTIONS) -x -u -c $(top_builddir)/po/.intltool-merge-cache $(top_srcdir)/po $< $@'
INTLTOOL__v_MERGE_0='@echo "  ITMRG " $@;'
INTLTOOL__v_MERGE_='$(INTLTOOL__v_MERGE_$(AM_DEFAULT_VERBOSITY))'
LD='/usr/bin/ld -m elf_x86_64'
LDFLAGS=''
LIBOBJS=''
LIBS=''
LIBTOOL='$(SHELL) $(top_builddir)/libtool'
LIPO=''
LN_S='ln -s'
LTLIBOBJS=''
MAKEINFO='${SHELL} /home/userx/Dropbox/gnuruy/Widgets/notebook/missing --run makeinfo'
MANIFEST_TOOL=':'
MKDIR_P='/bin/mkdir -p'
MKINSTALLDIRS='./mkinstalldirs'
MSGFMT='/usr/bin/msgfmt'
MSGFMT_OPTS='-c'
MSGMERGE='/usr/bin/msgmerge'
NM='/usr/bin/nm -B'
NMEDIT=''
NOTEBOOK_CFLAGS='-pthread -I/usr/include/gtk-3.0 -I/usr/include/pango-1.0 -I/usr/include/gio-unix-2.0/ -I/usr/include/atk-1.0 -I/usr/include/cairo -I/usr/include/gdk-pixbuf-2.0 -I/usr/include/freetype2 -I/usr/include/glib-2.0 -I/usr/lib/x86_64-linux-gnu/glib-2.0/include -I/usr/include/pixman-1 -I/usr/include/libpng12  '
NOTEBOOK_LIBS='-lgtk-3 -lgdk-3 -latk-1.0 -lgio-2.0 -lpangocairo-1.0 -lgdk_pixbuf-2.0 -lcairo-gobject -lpango-1.0 -lcairo -lgobject-2.0 -lglib-2.0  '
OBJDUMP='objdump'
OBJEXT='o'
OTOOL64=''
OTOOL=''
PACKAGE='notebook'
PACKAGE_BUGREPORT=''
PACKAGE_NAME='notebook'
PACKAGE_STRING='notebook 0.1'
PACKAGE_TARNAME='notebook'
PACKAGE_URL=''
PACKAGE_VERSION='0.1'
PATH_SEPARATOR=':'
PKG_CONFIG='/usr/bin/pkg-config'
PKG_CONFIG_LIBDIR=''
PKG_CONFIG_PATH=''
POFILES=''
POSUB='po'
PO_IN_DATADIR_FALSE=''
PO_IN_DATADIR_TRUE=''
RANLIB='ranlib'
SED='/bin/sed'
SET_MAKE=''
SHELL='/bin/bash'
STRIP='strip'
USE_NLS='yes'
VERSION='0.1'
XGETTEXT='/usr/bin/xgettext'
ac_ct_AR='ar'
ac_ct_CC='gcc'
ac_ct_DUMPBIN=''
am__EXEEXT_FALSE=''
am__EXEEXT_TRUE='#'
am__fastdepCC_FALSE='#'
am__fastdepCC_TRUE=''
am__include='include'
am__isrc=''
am__leading_dot='.'
am__nodep='_no'
am__quote=''
am__tar='$${TAR-tar} chof - "$$tardir"'
am__untar='$${TAR-tar} xf -'
bindir='${exec_prefix}/bin'
build='x86_64-unknown-linux-gnu'
build_alias=''
build_cpu='x86_64'
build_os='linux-gnu'
build_vendor='unknown'
datadir='${datarootdir}'
datarootdir='${prefix}/share'
docdir='${datarootdir}/doc/${PACKAGE_TARNAME}'
dvidir='${docdir}'
exec_prefix='${prefix}'
host='x86_64-unknown-linux-gnu'
host_alias=''
host_cpu='x86_64'
host_os='linux-gnu'
host_vendor='unknown'
htmldir='${docdir}'
includedir='${prefix}/include'
infodir='${datarootdir}/info'
install_sh='${SHELL} /home/userx/Dropbox/gnuruy/Widgets/notebook/install-sh'
intltool__v_merge_options_0='-q'
intltool__v_merge_options_='$(intltool__v_merge_options_$(AM_DEFAULT_VERBOSITY))'
libdir='${exec_prefix}/lib'
libexecdir='${exec_prefix}/libexec'
localedir='${datarootdir}/locale'
localstatedir='${prefix}/var'
mandir='${datarootdir}/man'
mkdir_p='/bin/mkdir -p'
oldincludedir='/usr/include'
pdfdir='${docdir}'
prefix='/usr/local'
program_transform_name='s,x,x,'
psdir='${docdir}'
sbindir='${exec_prefix}/sbin'
sharedstatedir='${prefix}/com'
sysconfdir='${prefix}/etc'
target_alias=''

## ----------- ##
## confdefs.h. ##
## ----------- ##

/* confdefs.h */
#define PACKAGE_NAME "notebook"
#define PACKAGE_TARNAME "notebook"
#define PACKAGE_VERSION "0.1"
#define PACKAGE_STRING "notebook 0.1"
#define PACKAGE_BUGREPORT ""
#define PACKAGE_URL ""
#define PACKAGE "notebook"
#define VERSION "0.1"
#define GETTEXT_PACKAGE "notebook"
#define STDC_HEADERS 1
#define HAVE_SYS_TYPES_H 1
#define HAVE_SYS_STAT_H 1
#define HAVE_STDLIB_H 1
#define HAVE_STRING_H 1
#define HAVE_MEMORY_H 1
#define HAVE_STRINGS_H 1
#define HAVE_INTTYPES_H 1
#define HAVE_STDINT_H 1
#define HAVE_UNISTD_H 1
#define HAVE_LOCALE_H 1
#define HAVE_LC_MESSAGES 1
#define HAVE_BIND_TEXTDOMAIN_CODESET 1
#define HAVE_GETTEXT 1
#define HAVE_DCGETTEXT 1
#define ENABLE_NLS 1
#define HAVE_DLFCN_H 1
#define LT_OBJDIR ".libs/"

configure: exit 0

## ---------------------- ##
## Running config.status. ##
## ---------------------- ##

This file was extended by notebook config.status 0.1, which was
generated by GNU Autoconf 2.68.  Invocation command line was

  CONFIG_FILES    = 
  CONFIG_HEADERS  = 
  CONFIG_LINKS    = 
  CONFIG_COMMANDS = 
  $ ./config.status src/Makefile depfiles

on AdventChildren

config.status:1194: creating src/Makefile
config.status:1423: executing depfiles commands
